  Game.cpp
C:\Users\c00236511\Desktop\lab-7-game-prog\gameplay-programming-i-lab-07\SFMLOpenGL\Game.cpp(101,13): warning C4244:  'initializing': conversion from 'double' to 'float', possible loss of data
C:\Users\c00236511\Desktop\lab-7-game-prog\gameplay-programming-i-lab-07\SFMLOpenGL\Game.cpp(126,38): warning C4244:  'argument': conversion from 'double' to 'GLfloat', possible loss of data
C:\Users\c00236511\Desktop\lab-7-game-prog\gameplay-programming-i-lab-07\SFMLOpenGL\Game.cpp(126,29): warning C4244:  'argument': conversion from 'double' to 'GLfloat', possible loss of data
C:\Users\c00236511\Desktop\lab-7-game-prog\gameplay-programming-i-lab-07\SFMLOpenGL\Game.cpp(126,20): warning C4244:  'argument': conversion from 'double' to 'GLfloat', possible loss of data
C:\Users\c00236511\Desktop\lab-7-game-prog\gameplay-programming-i-lab-07\SFMLOpenGL\Game.cpp(127,38): warning C4244:  'argument': conversion from 'double' to 'GLfloat', possible loss of data
C:\Users\c00236511\Desktop\lab-7-game-prog\gameplay-programming-i-lab-07\SFMLOpenGL\Game.cpp(127,29): warning C4244:  'argument': conversion from 'double' to 'GLfloat', possible loss of data
C:\Users\c00236511\Desktop\lab-7-game-prog\gameplay-programming-i-lab-07\SFMLOpenGL\Game.cpp(127,20): warning C4244:  'argument': conversion from 'double' to 'GLfloat', possible loss of data
C:\Users\c00236511\Desktop\lab-7-game-prog\gameplay-programming-i-lab-07\SFMLOpenGL\Game.cpp(128,38): warning C4244:  'argument': conversion from 'double' to 'GLfloat', possible loss of data
C:\Users\c00236511\Desktop\lab-7-game-prog\gameplay-programming-i-lab-07\SFMLOpenGL\Game.cpp(128,29): warning C4244:  'argument': conversion from 'double' to 'GLfloat', possible loss of data
C:\Users\c00236511\Desktop\lab-7-game-prog\gameplay-programming-i-lab-07\SFMLOpenGL\Game.cpp(128,20): warning C4244:  'argument': conversion from 'double' to 'GLfloat', possible loss of data
C:\Users\c00236511\Desktop\lab-7-game-prog\gameplay-programming-i-lab-07\SFMLOpenGL\Game.cpp(131,38): warning C4244:  'argument': conversion from 'double' to 'GLfloat', possible loss of data
C:\Users\c00236511\Desktop\lab-7-game-prog\gameplay-programming-i-lab-07\SFMLOpenGL\Game.cpp(131,29): warning C4244:  'argument': conversion from 'double' to 'GLfloat', possible loss of data
C:\Users\c00236511\Desktop\lab-7-game-prog\gameplay-programming-i-lab-07\SFMLOpenGL\Game.cpp(131,20): warning C4244:  'argument': conversion from 'double' to 'GLfloat', possible loss of data
C:\Users\c00236511\Desktop\lab-7-game-prog\gameplay-programming-i-lab-07\SFMLOpenGL\Game.cpp(132,38): warning C4244:  'argument': conversion from 'double' to 'GLfloat', possible loss of data
C:\Users\c00236511\Desktop\lab-7-game-prog\gameplay-programming-i-lab-07\SFMLOpenGL\Game.cpp(132,29): warning C4244:  'argument': conversion from 'double' to 'GLfloat', possible loss of data
C:\Users\c00236511\Desktop\lab-7-game-prog\gameplay-programming-i-lab-07\SFMLOpenGL\Game.cpp(132,20): warning C4244:  'argument': conversion from 'double' to 'GLfloat', possible loss of data
C:\Users\c00236511\Desktop\lab-7-game-prog\gameplay-programming-i-lab-07\SFMLOpenGL\Game.cpp(133,38): warning C4244:  'argument': conversion from 'double' to 'GLfloat', possible loss of data
C:\Users\c00236511\Desktop\lab-7-game-prog\gameplay-programming-i-lab-07\SFMLOpenGL\Game.cpp(133,29): warning C4244:  'argument': conversion from 'double' to 'GLfloat', possible loss of data
C:\Users\c00236511\Desktop\lab-7-game-prog\gameplay-programming-i-lab-07\SFMLOpenGL\Game.cpp(133,20): warning C4244:  'argument': conversion from 'double' to 'GLfloat', possible loss of data
C:\Users\c00236511\Desktop\lab-7-game-prog\gameplay-programming-i-lab-07\SFMLOpenGL\Game.cpp(137,38): warning C4244:  'argument': conversion from 'double' to 'GLfloat', possible loss of data
C:\Users\c00236511\Desktop\lab-7-game-prog\gameplay-programming-i-lab-07\SFMLOpenGL\Game.cpp(137,29): warning C4244:  'argument': conversion from 'double' to 'GLfloat', possible loss of data
C:\Users\c00236511\Desktop\lab-7-game-prog\gameplay-programming-i-lab-07\SFMLOpenGL\Game.cpp(137,20): warning C4244:  'argument': conversion from 'double' to 'GLfloat', possible loss of data
C:\Users\c00236511\Desktop\lab-7-game-prog\gameplay-programming-i-lab-07\SFMLOpenGL\Game.cpp(138,38): warning C4244:  'argument': conversion from 'double' to 'GLfloat', possible loss of data
C:\Users\c00236511\Desktop\lab-7-game-prog\gameplay-programming-i-lab-07\SFMLOpenGL\Game.cpp(138,29): warning C4244:  'argument': conversion from 'double' to 'GLfloat', possible loss of data
C:\Users\c00236511\Desktop\lab-7-game-prog\gameplay-programming-i-lab-07\SFMLOpenGL\Game.cpp(138,20): warning C4244:  'argument': conversion from 'double' to 'GLfloat', possible loss of data
C:\Users\c00236511\Desktop\lab-7-game-prog\gameplay-programming-i-lab-07\SFMLOpenGL\Game.cpp(139,38): warning C4244:  'argument': conversion from 'double' to 'GLfloat', possible loss of data
C:\Users\c00236511\Desktop\lab-7-game-prog\gameplay-programming-i-lab-07\SFMLOpenGL\Game.cpp(139,29): warning C4244:  'argument': conversion from 'double' to 'GLfloat', possible loss of data
C:\Users\c00236511\Desktop\lab-7-game-prog\gameplay-programming-i-lab-07\SFMLOpenGL\Game.cpp(139,20): warning C4244:  'argument': conversion from 'double' to 'GLfloat', possible loss of data
C:\Users\c00236511\Desktop\lab-7-game-prog\gameplay-programming-i-lab-07\SFMLOpenGL\Game.cpp(142,38): warning C4244:  'argument': conversion from 'double' to 'GLfloat', possible loss of data
C:\Users\c00236511\Desktop\lab-7-game-prog\gameplay-programming-i-lab-07\SFMLOpenGL\Game.cpp(142,29): warning C4244:  'argument': conversion from 'double' to 'GLfloat', possible loss of data
C:\Users\c00236511\Desktop\lab-7-game-prog\gameplay-programming-i-lab-07\SFMLOpenGL\Game.cpp(142,20): warning C4244:  'argument': conversion from 'double' to 'GLfloat', possible loss of data
C:\Users\c00236511\Desktop\lab-7-game-prog\gameplay-programming-i-lab-07\SFMLOpenGL\Game.cpp(143,38): warning C4244:  'argument': conversion from 'double' to 'GLfloat', possible loss of data
C:\Users\c00236511\Desktop\lab-7-game-prog\gameplay-programming-i-lab-07\SFMLOpenGL\Game.cpp(143,29): warning C4244:  'argument': conversion from 'double' to 'GLfloat', possible loss of data
C:\Users\c00236511\Desktop\lab-7-game-prog\gameplay-programming-i-lab-07\SFMLOpenGL\Game.cpp(143,20): warning C4244:  'argument': conversion from 'double' to 'GLfloat', possible loss of data
C:\Users\c00236511\Desktop\lab-7-game-prog\gameplay-programming-i-lab-07\SFMLOpenGL\Game.cpp(144,38): warning C4244:  'argument': conversion from 'double' to 'GLfloat', possible loss of data
C:\Users\c00236511\Desktop\lab-7-game-prog\gameplay-programming-i-lab-07\SFMLOpenGL\Game.cpp(144,29): warning C4244:  'argument': conversion from 'double' to 'GLfloat', possible loss of data
C:\Users\c00236511\Desktop\lab-7-game-prog\gameplay-programming-i-lab-07\SFMLOpenGL\Game.cpp(144,20): warning C4244:  'argument': conversion from 'double' to 'GLfloat', possible loss of data
C:\Users\c00236511\Desktop\lab-7-game-prog\gameplay-programming-i-lab-07\SFMLOpenGL\Game.cpp(148,38): warning C4244:  'argument': conversion from 'double' to 'GLfloat', possible loss of data
C:\Users\c00236511\Desktop\lab-7-game-prog\gameplay-programming-i-lab-07\SFMLOpenGL\Game.cpp(148,29): warning C4244:  'argument': conversion from 'double' to 'GLfloat', possible loss of data
C:\Users\c00236511\Desktop\lab-7-game-prog\gameplay-programming-i-lab-07\SFMLOpenGL\Game.cpp(148,20): warning C4244:  'argument': conversion from 'double' to 'GLfloat', possible loss of data
C:\Users\c00236511\Desktop\lab-7-game-prog\gameplay-programming-i-lab-07\SFMLOpenGL\Game.cpp(149,38): warning C4244:  'argument': conversion from 'double' to 'GLfloat', possible loss of data
C:\Users\c00236511\Desktop\lab-7-game-prog\gameplay-programming-i-lab-07\SFMLOpenGL\Game.cpp(149,29): warning C4244:  'argument': conversion from 'double' to 'GLfloat', possible loss of data
C:\Users\c00236511\Desktop\lab-7-game-prog\gameplay-programming-i-lab-07\SFMLOpenGL\Game.cpp(149,20): warning C4244:  'argument': conversion from 'double' to 'GLfloat', possible loss of data
C:\Users\c00236511\Desktop\lab-7-game-prog\gameplay-programming-i-lab-07\SFMLOpenGL\Game.cpp(150,38): warning C4244:  'argument': conversion from 'double' to 'GLfloat', possible loss of data
C:\Users\c00236511\Desktop\lab-7-game-prog\gameplay-programming-i-lab-07\SFMLOpenGL\Game.cpp(150,29): warning C4244:  'argument': conversion from 'double' to 'GLfloat', possible loss of data
C:\Users\c00236511\Desktop\lab-7-game-prog\gameplay-programming-i-lab-07\SFMLOpenGL\Game.cpp(150,20): warning C4244:  'argument': conversion from 'double' to 'GLfloat', possible loss of data
C:\Users\c00236511\Desktop\lab-7-game-prog\gameplay-programming-i-lab-07\SFMLOpenGL\Game.cpp(153,38): warning C4244:  'argument': conversion from 'double' to 'GLfloat', possible loss of data
C:\Users\c00236511\Desktop\lab-7-game-prog\gameplay-programming-i-lab-07\SFMLOpenGL\Game.cpp(153,29): warning C4244:  'argument': conversion from 'double' to 'GLfloat', possible loss of data
C:\Users\c00236511\Desktop\lab-7-game-prog\gameplay-programming-i-lab-07\SFMLOpenGL\Game.cpp(153,20): warning C4244:  'argument': conversion from 'double' to 'GLfloat', possible loss of data
C:\Users\c00236511\Desktop\lab-7-game-prog\gameplay-programming-i-lab-07\SFMLOpenGL\Game.cpp(154,38): warning C4244:  'argument': conversion from 'double' to 'GLfloat', possible loss of data
C:\Users\c00236511\Desktop\lab-7-game-prog\gameplay-programming-i-lab-07\SFMLOpenGL\Game.cpp(154,29): warning C4244:  'argument': conversion from 'double' to 'GLfloat', possible loss of data
C:\Users\c00236511\Desktop\lab-7-game-prog\gameplay-programming-i-lab-07\SFMLOpenGL\Game.cpp(154,20): warning C4244:  'argument': conversion from 'double' to 'GLfloat', possible loss of data
C:\Users\c00236511\Desktop\lab-7-game-prog\gameplay-programming-i-lab-07\SFMLOpenGL\Game.cpp(155,38): warning C4244:  'argument': conversion from 'double' to 'GLfloat', possible loss of data
C:\Users\c00236511\Desktop\lab-7-game-prog\gameplay-programming-i-lab-07\SFMLOpenGL\Game.cpp(155,29): warning C4244:  'argument': conversion from 'double' to 'GLfloat', possible loss of data
C:\Users\c00236511\Desktop\lab-7-game-prog\gameplay-programming-i-lab-07\SFMLOpenGL\Game.cpp(155,20): warning C4244:  'argument': conversion from 'double' to 'GLfloat', possible loss of data
C:\Users\c00236511\Desktop\lab-7-game-prog\gameplay-programming-i-lab-07\SFMLOpenGL\Game.cpp(159,38): warning C4244:  'argument': conversion from 'double' to 'GLfloat', possible loss of data
C:\Users\c00236511\Desktop\lab-7-game-prog\gameplay-programming-i-lab-07\SFMLOpenGL\Game.cpp(159,29): warning C4244:  'argument': conversion from 'double' to 'GLfloat', possible loss of data
C:\Users\c00236511\Desktop\lab-7-game-prog\gameplay-programming-i-lab-07\SFMLOpenGL\Game.cpp(159,20): warning C4244:  'argument': conversion from 'double' to 'GLfloat', possible loss of data
C:\Users\c00236511\Desktop\lab-7-game-prog\gameplay-programming-i-lab-07\SFMLOpenGL\Game.cpp(160,38): warning C4244:  'argument': conversion from 'double' to 'GLfloat', possible loss of data
C:\Users\c00236511\Desktop\lab-7-game-prog\gameplay-programming-i-lab-07\SFMLOpenGL\Game.cpp(160,29): warning C4244:  'argument': conversion from 'double' to 'GLfloat', possible loss of data
C:\Users\c00236511\Desktop\lab-7-game-prog\gameplay-programming-i-lab-07\SFMLOpenGL\Game.cpp(160,20): warning C4244:  'argument': conversion from 'double' to 'GLfloat', possible loss of data
C:\Users\c00236511\Desktop\lab-7-game-prog\gameplay-programming-i-lab-07\SFMLOpenGL\Game.cpp(161,38): warning C4244:  'argument': conversion from 'double' to 'GLfloat', possible loss of data
C:\Users\c00236511\Desktop\lab-7-game-prog\gameplay-programming-i-lab-07\SFMLOpenGL\Game.cpp(161,29): warning C4244:  'argument': conversion from 'double' to 'GLfloat', possible loss of data
C:\Users\c00236511\Desktop\lab-7-game-prog\gameplay-programming-i-lab-07\SFMLOpenGL\Game.cpp(161,20): warning C4244:  'argument': conversion from 'double' to 'GLfloat', possible loss of data
C:\Users\c00236511\Desktop\lab-7-game-prog\gameplay-programming-i-lab-07\SFMLOpenGL\Game.cpp(165,38): warning C4244:  'argument': conversion from 'double' to 'GLfloat', possible loss of data
C:\Users\c00236511\Desktop\lab-7-game-prog\gameplay-programming-i-lab-07\SFMLOpenGL\Game.cpp(165,29): warning C4244:  'argument': conversion from 'double' to 'GLfloat', possible loss of data
C:\Users\c00236511\Desktop\lab-7-game-prog\gameplay-programming-i-lab-07\SFMLOpenGL\Game.cpp(165,20): warning C4244:  'argument': conversion from 'double' to 'GLfloat', possible loss of data
C:\Users\c00236511\Desktop\lab-7-game-prog\gameplay-programming-i-lab-07\SFMLOpenGL\Game.cpp(166,38): warning C4244:  'argument': conversion from 'double' to 'GLfloat', possible loss of data
C:\Users\c00236511\Desktop\lab-7-game-prog\gameplay-programming-i-lab-07\SFMLOpenGL\Game.cpp(166,29): warning C4244:  'argument': conversion from 'double' to 'GLfloat', possible loss of data
C:\Users\c00236511\Desktop\lab-7-game-prog\gameplay-programming-i-lab-07\SFMLOpenGL\Game.cpp(166,20): warning C4244:  'argument': conversion from 'double' to 'GLfloat', possible loss of data
C:\Users\c00236511\Desktop\lab-7-game-prog\gameplay-programming-i-lab-07\SFMLOpenGL\Game.cpp(167,38): warning C4244:  'argument': conversion from 'double' to 'GLfloat', possible loss of data
C:\Users\c00236511\Desktop\lab-7-game-prog\gameplay-programming-i-lab-07\SFMLOpenGL\Game.cpp(167,29): warning C4244:  'argument': conversion from 'double' to 'GLfloat', possible loss of data
C:\Users\c00236511\Desktop\lab-7-game-prog\gameplay-programming-i-lab-07\SFMLOpenGL\Game.cpp(167,20): warning C4244:  'argument': conversion from 'double' to 'GLfloat', possible loss of data
C:\Users\c00236511\Desktop\lab-7-game-prog\gameplay-programming-i-lab-07\SFMLOpenGL\Game.cpp(171,38): warning C4244:  'argument': conversion from 'double' to 'GLfloat', possible loss of data
C:\Users\c00236511\Desktop\lab-7-game-prog\gameplay-programming-i-lab-07\SFMLOpenGL\Game.cpp(171,29): warning C4244:  'argument': conversion from 'double' to 'GLfloat', possible loss of data
C:\Users\c00236511\Desktop\lab-7-game-prog\gameplay-programming-i-lab-07\SFMLOpenGL\Game.cpp(171,20): warning C4244:  'argument': conversion from 'double' to 'GLfloat', possible loss of data
C:\Users\c00236511\Desktop\lab-7-game-prog\gameplay-programming-i-lab-07\SFMLOpenGL\Game.cpp(172,38): warning C4244:  'argument': conversion from 'double' to 'GLfloat', possible loss of data
C:\Users\c00236511\Desktop\lab-7-game-prog\gameplay-programming-i-lab-07\SFMLOpenGL\Game.cpp(172,29): warning C4244:  'argument': conversion from 'double' to 'GLfloat', possible loss of data
C:\Users\c00236511\Desktop\lab-7-game-prog\gameplay-programming-i-lab-07\SFMLOpenGL\Game.cpp(172,20): warning C4244:  'argument': conversion from 'double' to 'GLfloat', possible loss of data
C:\Users\c00236511\Desktop\lab-7-game-prog\gameplay-programming-i-lab-07\SFMLOpenGL\Game.cpp(173,38): warning C4244:  'argument': conversion from 'double' to 'GLfloat', possible loss of data
C:\Users\c00236511\Desktop\lab-7-game-prog\gameplay-programming-i-lab-07\SFMLOpenGL\Game.cpp(173,29): warning C4244:  'argument': conversion from 'double' to 'GLfloat', possible loss of data
C:\Users\c00236511\Desktop\lab-7-game-prog\gameplay-programming-i-lab-07\SFMLOpenGL\Game.cpp(173,20): warning C4244:  'argument': conversion from 'double' to 'GLfloat', possible loss of data
C:\Users\c00236511\Desktop\lab-7-game-prog\gameplay-programming-i-lab-07\SFMLOpenGL\Game.cpp(176,38): warning C4244:  'argument': conversion from 'double' to 'GLfloat', possible loss of data
C:\Users\c00236511\Desktop\lab-7-game-prog\gameplay-programming-i-lab-07\SFMLOpenGL\Game.cpp(176,29): warning C4244:  'argument': conversion from 'double' to 'GLfloat', possible loss of data
C:\Users\c00236511\Desktop\lab-7-game-prog\gameplay-programming-i-lab-07\SFMLOpenGL\Game.cpp(176,20): warning C4244:  'argument': conversion from 'double' to 'GLfloat', possible loss of data
C:\Users\c00236511\Desktop\lab-7-game-prog\gameplay-programming-i-lab-07\SFMLOpenGL\Game.cpp(177,38): warning C4244:  'argument': conversion from 'double' to 'GLfloat', possible loss of data
C:\Users\c00236511\Desktop\lab-7-game-prog\gameplay-programming-i-lab-07\SFMLOpenGL\Game.cpp(177,29): warning C4244:  'argument': conversion from 'double' to 'GLfloat', possible loss of data
C:\Users\c00236511\Desktop\lab-7-game-prog\gameplay-programming-i-lab-07\SFMLOpenGL\Game.cpp(177,20): warning C4244:  'argument': conversion from 'double' to 'GLfloat', possible loss of data
C:\Users\c00236511\Desktop\lab-7-game-prog\gameplay-programming-i-lab-07\SFMLOpenGL\Game.cpp(178,38): warning C4244:  'argument': conversion from 'double' to 'GLfloat', possible loss of data
C:\Users\c00236511\Desktop\lab-7-game-prog\gameplay-programming-i-lab-07\SFMLOpenGL\Game.cpp(178,29): warning C4244:  'argument': conversion from 'double' to 'GLfloat', possible loss of data
C:\Users\c00236511\Desktop\lab-7-game-prog\gameplay-programming-i-lab-07\SFMLOpenGL\Game.cpp(178,20): warning C4244:  'argument': conversion from 'double' to 'GLfloat', possible loss of data
C:\Users\c00236511\Desktop\lab-7-game-prog\gameplay-programming-i-lab-07\SFMLOpenGL\Game.cpp(181,38): warning C4244:  'argument': conversion from 'double' to 'GLfloat', possible loss of data
C:\Users\c00236511\Desktop\lab-7-game-prog\gameplay-programming-i-lab-07\SFMLOpenGL\Game.cpp(181,29): warning C4244:  'argument': conversion from 'double' to 'GLfloat', possible loss of data
C:\Users\c00236511\Desktop\lab-7-game-prog\gameplay-programming-i-lab-07\SFMLOpenGL\Game.cpp(181,20): warning C4244:  'argument': conversion from 'double' to 'GLfloat', possible loss of data
C:\Users\c00236511\Desktop\lab-7-game-prog\gameplay-programming-i-lab-07\SFMLOpenGL\Game.cpp(182,38): warning C4244:  'argument': conversion from 'double' to 'GLfloat', possible loss of data
C:\Users\c00236511\Desktop\lab-7-game-prog\gameplay-programming-i-lab-07\SFMLOpenGL\Game.cpp(182,29): warning C4244:  'argument': conversion from 'double' to 'GLfloat', possible loss of data
C:\Users\c00236511\Desktop\lab-7-game-prog\gameplay-programming-i-lab-07\SFMLOpenGL\Game.cpp(182,20): warning C4244:  'argument': conversion from 'double' to 'GLfloat', possible loss of data
C:\Users\c00236511\Desktop\lab-7-game-prog\gameplay-programming-i-lab-07\SFMLOpenGL\Game.cpp(183,38): warning C4244:  'argument': conversion from 'double' to 'GLfloat', possible loss of data
C:\Users\c00236511\Desktop\lab-7-game-prog\gameplay-programming-i-lab-07\SFMLOpenGL\Game.cpp(183,29): warning C4244:  'argument': conversion from 'double' to 'GLfloat', possible loss of data
C:\Users\c00236511\Desktop\lab-7-game-prog\gameplay-programming-i-lab-07\SFMLOpenGL\Game.cpp(183,20): warning C4244:  'argument': conversion from 'double' to 'GLfloat', possible loss of data
C:\Users\c00236511\Desktop\lab-7-game-prog\gameplay-programming-i-lab-07\SFMLOpenGL\Game.cpp(186,38): warning C4244:  'argument': conversion from 'double' to 'GLfloat', possible loss of data
C:\Users\c00236511\Desktop\lab-7-game-prog\gameplay-programming-i-lab-07\SFMLOpenGL\Game.cpp(186,29): warning C4244:  'argument': conversion from 'double' to 'GLfloat', possible loss of data
C:\Users\c00236511\Desktop\lab-7-game-prog\gameplay-programming-i-lab-07\SFMLOpenGL\Game.cpp(186,20): warning C4244:  'argument': conversion from 'double' to 'GLfloat', possible loss of data
C:\Users\c00236511\Desktop\lab-7-game-prog\gameplay-programming-i-lab-07\SFMLOpenGL\Game.cpp(187,38): warning C4244:  'argument': conversion from 'double' to 'GLfloat', possible loss of data
C:\Users\c00236511\Desktop\lab-7-game-prog\gameplay-programming-i-lab-07\SFMLOpenGL\Game.cpp(187,29): warning C4244:  'argument': conversion from 'double' to 'GLfloat', possible loss of data
C:\Users\c00236511\Desktop\lab-7-game-prog\gameplay-programming-i-lab-07\SFMLOpenGL\Game.cpp(187,20): warning C4244:  'argument': conversion from 'double' to 'GLfloat', possible loss of data
C:\Users\c00236511\Desktop\lab-7-game-prog\gameplay-programming-i-lab-07\SFMLOpenGL\Game.cpp(188,37): warning C4244:  'argument': conversion from 'double' to 'GLfloat', possible loss of data
C:\Users\c00236511\Desktop\lab-7-game-prog\gameplay-programming-i-lab-07\SFMLOpenGL\Game.cpp(188,28): warning C4244:  'argument': conversion from 'double' to 'GLfloat', possible loss of data
C:\Users\c00236511\Desktop\lab-7-game-prog\gameplay-programming-i-lab-07\SFMLOpenGL\Game.cpp(188,19): warning C4244:  'argument': conversion from 'double' to 'GLfloat', possible loss of data
  SFMLOpenGL.vcxproj -> C:\Users\c00236511\Desktop\lab-7-game-prog\gameplay-programming-i-lab-07\Debug\SFMLOpenGL.exe
  C:\SFML-2.5.1\bin\openal32.dll
  C:\SFML-2.5.1\bin\sfml-audio-2.dll
  C:\SFML-2.5.1\bin\sfml-audio-d-2.dll
  C:\SFML-2.5.1\bin\sfml-graphics-2.dll
  C:\SFML-2.5.1\bin\sfml-graphics-d-2.dll
  C:\SFML-2.5.1\bin\sfml-network-2.dll
  C:\SFML-2.5.1\bin\sfml-network-d-2.dll
  C:\SFML-2.5.1\bin\sfml-system-2.dll
  C:\SFML-2.5.1\bin\sfml-system-d-2.dll
  C:\SFML-2.5.1\bin\sfml-window-2.dll
  C:\SFML-2.5.1\bin\sfml-window-d-2.dll
  11 File(s) copied
